<?xml version="1.0" encoding="utf-8"?>
<shfbBuild product="Sandcastle Help File Builder and Tools" version="2017.5.15.0" projectFile="D:\Fedoua\tpIGL\tpIGL\helpTpIGL.shfbproj" started="21/10/2017 15:50:54">
<buildStep step="Initializing">
Finding tools...
The Sandcastle tools are located in &#39;C:\Program Files (x86)\EWSoftware\Sandcastle Help File Builder\&#39;
Locating components in the following folder(s):
    D:\Fedoua\tpIGL\tpIGL
    C:\ProgramData\EWSoftware\Sandcastle Help File Builder\Components and Plug-Ins\
    C:\Program Files (x86)\EWSoftware\Sandcastle Help File Builder\
Using framework reflection data for &#39;.NET Framework 4.5&#39; located in &#39;C:\Program Files (x86)\EWSoftware\Sandcastle Help File Builder\Data\.NETFramework&#39;
Using presentation style &#39;VS2013&#39; located in &#39;C:\Program Files (x86)\EWSoftware\Sandcastle Help File Builder\PresentationStyles\VS2013&#39;
Loading and initializing plug-ins...
Lightweight Website Style Version 2017.5.15.0
Copyright &#169; 2006-2017, Eric Woodruff, All Rights Reserved
Portions Copyright &#169; 2014, Sam Harwell, All Rights Reserved
-------------------------------
Clearing any prior web/markdown output...
</buildStep>
<buildStep step="ValidatingDocumentationSources">
Validating and copying documentation source information
Source: D:\Fedoua\tpIGL\tpIGL\bin\Debug\tpIGL.exe
    Found assembly &#39;D:\Fedoua\tpIGL\tpIGL\bin\Debug\tpIGL.exe&#39;
Source: D:\Fedoua\tpIGL\tpIGL\bin\Debug\tpIGL.xml

Copying XML comments files
    D:\Fedoua\tpIGL\tpIGL\bin\Debug\tpIGL.XML -&gt; D:\Fedoua\tpIGL\tpIGL\Help\Working\tpIGL.XML
</buildStep>
<buildStep step="GenerateSharedContent">
Generating shared content files (fr-FR, Fran&#231;ais (France))...
<plugIn name="Lightweight Website Style" behavior="After" priority="1000">
</plugIn>    Last step completed in 00:00:00,0490
</buildStep>
<buildStep step="GenerateApiFilter">
Generating API filter for MRefBuilder...
    Last step completed in 00:00:00,0110
</buildStep>
<buildStep step="GenerateReflectionInfo">
Generating reflection information...
[C:\Program Files (x86)\MSBuild\14.0\bin\amd64\MSBuild.exe - GenerateRefInfo.proj]
La g‚n‚ration a d‚marr‚ 21/10/2017 15:50:57.
Projet &quot;D:\Fedoua\tpIGL\tpIGL\Help\Working\GenerateRefInfo.proj&quot; sur le noud 1 (cibles par d‚faut).
PrepareForBuild:
  Cr‚ation du r‚pertoire &quot;obj\Debug\&quot;.
GenerateRefInfo:
  MRefBuilder (v2017.5.15.0)
  Copyright &#184; 2006-2017, Microsoft Corporation, All Rights Reserved.
  Portions Copyright &#184; 2006-2016, Eric Woodruff, All Rights Reserved.
  No source code context base path specified.  Source context information is unavailable.
  Loaded 1 assemblies for reflection and 1 dependency assemblies.
  Wrote information on 1 namespaces, 3 types, and 16 members
  Copie du fichier de &quot;reflection.org&quot; vers &quot;reflection.all&quot;.
  XslTransform (v2017.5.15.0)
  Copyright &#184; 2006-2017, Microsoft Corporation, All Rights Reserved.
  Portions Copyright &#184; 2006-2016, Eric Woodruff, All Rights Reserved.
  Applying XSL transformation &#39;C:\Program Files (x86)\EWSoftware\Sandcastle Help File Builder\ProductionTransforms\MergeDuplicates.xsl&#39;.
G‚n‚ration du projet &quot;D:\Fedoua\tpIGL\tpIGL\Help\Working\GenerateRefInfo.proj&quot; termin‚e (cibles par d‚faut).

La g‚n‚ration a r‚ussi.

Temps ‚coul‚ 00:00:02.25
    Last step completed in 00:00:02,8422
</buildStep>
<buildStep step="TransformReflectionInfo">
Transforming reflection output...
[C:\Program Files (x86)\MSBuild\14.0\bin\amd64\MSBuild.exe - TransformManifest.proj]
La g‚n‚ration a d‚marr‚ 21/10/2017 15:51:00.
Projet &quot;D:\Fedoua\tpIGL\tpIGL\Help\Working\TransformManifest.proj&quot; sur le noud 1 (cibles par d‚faut).
TransformManifest:
  XslTransform (v2017.5.15.0)
  Copyright &#184; 2006-2017, Microsoft Corporation, All Rights Reserved.
  Portions Copyright &#184; 2006-2016, Eric Woodruff, All Rights Reserved.
  Applying XSL transformation &#39;C:\Program Files (x86)\EWSoftware\Sandcastle Help File Builder\\ProductionTransforms\ApplyVSDocModel.xsl&#39;.
  Copie du fichier de &quot;reflection.xml&quot; vers &quot;reflection.nofilenames&quot;.
  XslTransform (v2017.5.15.0)
  Copyright &#184; 2006-2017, Microsoft Corporation, All Rights Reserved.
  Portions Copyright &#184; 2006-2016, Eric Woodruff, All Rights Reserved.
  Applying XSL transformation &#39;C:\Program Files (x86)\EWSoftware\Sandcastle Help File Builder\ProductionTransforms\AddFilenames.xsl&#39;.
  XslTransform (v2017.5.15.0)
  Copyright &#184; 2006-2017, Microsoft Corporation, All Rights Reserved.
  Portions Copyright &#184; 2006-2016, Eric Woodruff, All Rights Reserved.
  Applying XSL transformation &#39;C:\Program Files (x86)\EWSoftware\Sandcastle Help File Builder\ProductionTransforms\ReflectionToManifest.xsl&#39;.
G‚n‚ration du projet &quot;D:\Fedoua\tpIGL\tpIGL\Help\Working\TransformManifest.proj&quot; termin‚e (cibles par d‚faut).

La g‚n‚ration a r‚ussi.

Temps ‚coul‚ 00:00:01.26
    Last step completed in 00:00:01,6461
</buildStep>
<buildStep step="GenerateNamespaceSummaries">
Generating namespace summary information...
    Last step completed in 00:00:00,0590
</buildStep>
<buildStep step="CopyAdditionalContent">
Copying additional content files...
No additional content to copy
    Last step completed in 00:00:00,0170
</buildStep>
<buildStep step="MergeTablesOfContents">
Merging conceptual and additional tables of contents...
    Last step completed in 00:00:00,0000
</buildStep>
<buildStep step="GenerateIntermediateTableOfContents">
Generating intermediate table of contents file...
[C:\Program Files (x86)\MSBuild\14.0\bin\amd64\MSBuild.exe - GenerateIntermediateTOC.proj]
La g‚n‚ration a d‚marr‚ 21/10/2017 15:51:02.
Projet &quot;D:\Fedoua\tpIGL\tpIGL\Help\Working\GenerateIntermediateTOC.proj&quot; sur le noud 1 (cibles par d‚faut).
GenerateIntermediateTOC:
  XslTransform (v2017.5.15.0)
  Copyright &#184; 2006-2017, Microsoft Corporation, All Rights Reserved.
  Portions Copyright &#184; 2006-2016, Eric Woodruff, All Rights Reserved.
  Applying XSL transformation &#39;C:\Program Files (x86)\EWSoftware\Sandcastle Help File Builder\\ProductionTransforms\CreateVSToc.xsl&#39;.
G‚n‚ration du projet &quot;D:\Fedoua\tpIGL\tpIGL\Help\Working\GenerateIntermediateTOC.proj&quot; termin‚e (cibles par d‚faut).

La g‚n‚ration a r‚ussi.

Temps ‚coul‚ 00:00:00.33
Generating conceptual content intermediate TOC file...
    Last step completed in 00:00:00,7840
</buildStep>
<buildStep step="CreateBuildAssemblerConfigs">
Creating Sandcastle configuration files...
    sandcastle.config
    Last step completed in 00:00:00,4580
</buildStep>
<buildStep step="MergeCustomConfigs">
Merging custom build component configurations
D:\Fedoua\tpIGL\tpIGL\Help\Working\sandcastle.config
  Updating reference topic configurations.
  No conceptual content.  Removing conceptual content components.
    Last step completed in 00:00:00,0350
</buildStep>
<buildStep step="BuildTopics">
Building help topics...
[C:\Program Files (x86)\MSBuild\14.0\bin\amd64\MSBuild.exe - BuildTopics.proj]
La g‚n‚ration a d‚marr‚ 21/10/2017 15:51:03.
Projet &quot;D:\Fedoua\tpIGL\tpIGL\Help\Working\BuildTopics.proj&quot; sur le noud 1 (cibles par d‚faut).
BuildTopics:
  BuildAssembler (v2017.5.15.0)
  Copyright &#184; 2006-2017, Microsoft Corporation, All Rights Reserved.
  Portions Copyright &#184; 2006-2016, Eric Woodruff, All Rights Reserved.
  Loading configuration...
  Processing topics...
BuildAssembler : warning : ShowMissingComponent: [N:tpIGL] Missing &lt;summary&gt; documentation [D:\Fedoua\tpIGL\tpIGL\Help\Working\BuildTopics.proj]
BuildAssembler : warning : ShowMissingComponent: [M:tpIGL.Program.Main(System.String[])] Missing &lt;summary&gt; documentation [D:\Fedoua\tpIGL\tpIGL\Help\Working\BuildTopics.proj]
BuildAssembler : warning : ShowMissingComponent: [M:tpIGL.Program.Main(System.String[])] Missing &lt;param name=&quot;args&quot;/&gt; documentation [D:\Fedoua\tpIGL\tpIGL\Help\Working\BuildTopics.proj]
BuildAssembler : warning : ShowMissingComponent: [M:tpIGL.VectorHelper.ADdn(System.Int32[],System.Int32)] Missing &lt;param name=&quot;vecteuratriter&quot;/&gt; documentation [D:\Fedoua\tpIGL\tpIGL\Help\Working\BuildTopics.proj]
BuildAssembler : warning : ShowMissingComponent: [M:tpIGL.VectorHelper.ADdn(System.Int32[],System.Int32)] Missing &lt;param name=&quot;n&quot;/&gt; documentation [D:\Fedoua\tpIGL\tpIGL\Help\Working\BuildTopics.proj]
BuildAssembler : warning : ShowMissingComponent: [M:tpIGL.VectorHelper.getMax] Missing &lt;returns&gt; documentation [D:\Fedoua\tpIGL\tpIGL\Help\Working\BuildTopics.proj]
BuildAssembler : warning : ShowMissingComponent: [M:tpIGL.VectorHelper.getMin] Missing &lt;returns&gt; documentation [D:\Fedoua\tpIGL\tpIGL\Help\Working\BuildTopics.proj]
BuildAssembler : warning : ShowMissingComponent: [F:tpIGL.VectorHelper.max] Missing &lt;summary&gt; documentation [D:\Fedoua\tpIGL\tpIGL\Help\Working\BuildTopics.proj]
BuildAssembler : warning : ShowMissingComponent: [M:tpIGL.VectorHelper.maxMinOfTable(System.Int32[])] Missing &lt;param name=&quot;table&quot;/&gt; documentation [D:\Fedoua\tpIGL\tpIGL\Help\Working\BuildTopics.proj]
BuildAssembler : warning : ShowMissingComponent: [F:tpIGL.VectorHelper.min] Missing &lt;summary&gt; documentation [D:\Fedoua\tpIGL\tpIGL\Help\Working\BuildTopics.proj]
BuildAssembler : warning : ShowMissingComponent: [M:tpIGL.VectorHelper.MUltipparn(System.Int32[],System.Int32)] Missing &lt;param name=&quot;vecteuratriter&quot;/&gt; documentation [D:\Fedoua\tpIGL\tpIGL\Help\Working\BuildTopics.proj]
BuildAssembler : warning : ShowMissingComponent: [M:tpIGL.VectorHelper.MUltipparn(System.Int32[],System.Int32)] Missing &lt;param name=&quot;n&quot;/&gt; documentation [D:\Fedoua\tpIGL\tpIGL\Help\Working\BuildTopics.proj]
BuildAssembler : warning : ShowMissingComponent: [M:tpIGL.VectorHelper.Opposee(System.Int32[])] Missing &lt;param name=&quot;vecteuratriter&quot;/&gt; documentation [D:\Fedoua\tpIGL\tpIGL\Help\Working\BuildTopics.proj]
BuildAssembler : warning : ShowMissingComponent: [M:tpIGL.VectorHelper.reverse(System.Int32[])] Missing &lt;returns&gt; documentation [D:\Fedoua\tpIGL\tpIGL\Help\Working\BuildTopics.proj]
BuildAssembler : warning : ShowMissingComponent: [M:tpIGL.VectorHelper.reverse(System.Int32[])] Missing &lt;param name=&quot;table&quot;/&gt; documentation [D:\Fedoua\tpIGL\tpIGL\Help\Working\BuildTopics.proj]
BuildAssembler : warning : ShowMissingComponent: [M:tpIGL.VectorHelper.Som2Vect(System.Int32[],System.Int32[])] Missing &lt;returns&gt; documentation [D:\Fedoua\tpIGL\tpIGL\Help\Working\BuildTopics.proj]
BuildAssembler : warning : ShowMissingComponent: [M:tpIGL.VectorHelper.Som2Vect(System.Int32[],System.Int32[])] Missing &lt;param name=&quot;vect1&quot;/&gt; documentation [D:\Fedoua\tpIGL\tpIGL\Help\Working\BuildTopics.proj]
BuildAssembler : warning : ShowMissingComponent: [M:tpIGL.VectorHelper.Som2Vect(System.Int32[],System.Int32[])] Missing &lt;param name=&quot;vect2&quot;/&gt; documentation [D:\Fedoua\tpIGL\tpIGL\Help\Working\BuildTopics.proj]
BuildAssembler : warning : ShowMissingComponent: [M:tpIGL.VectorHelper.SOustrairen(System.Int32[],System.Int32)] Missing &lt;param name=&quot;vecteuratriter&quot;/&gt; documentation [D:\Fedoua\tpIGL\tpIGL\Help\Working\BuildTopics.proj]
BuildAssembler : warning : ShowMissingComponent: [M:tpIGL.VectorHelper.SOustrairen(System.Int32[],System.Int32)] Missing &lt;param name=&quot;n&quot;/&gt; documentation [D:\Fedoua\tpIGL\tpIGL\Help\Working\BuildTopics.proj]
BuildAssembler : warning : ShowMissingComponent: [M:tpIGL.VectorHelper.TRierVecteur(System.Int32[])] Missing &lt;param name=&quot;vecteuratrier&quot;/&gt; documentation [D:\Fedoua\tpIGL\tpIGL\Help\Working\BuildTopics.proj]
  Processed 23 topic(s)
  21 warning(s)
  CopyFromIndexComponent: &quot;reflection&quot; in-memory cache entries used: 2 of 15.
  CopyFromIndexComponent: &quot;comments&quot; in-memory cache entries used: 1 of 30.
G‚n‚ration du projet &quot;D:\Fedoua\tpIGL\tpIGL\Help\Working\BuildTopics.proj&quot; termin‚e (cibles par d‚faut).

La g‚n‚ration a r‚ussi.

Temps ‚coul‚ 00:00:13.98
    Last step completed in 00:00:14,4458
</buildStep>
<buildStep step="CombiningIntermediateTocFiles">
Combining conceptual and API intermediate TOC files...
    Last step completed in 00:00:00,0040
</buildStep>
<buildStep step="ExtractingHtmlInfo">
Extracting HTML info for HTML Help 1 and/or website...
[C:\Program Files (x86)\MSBuild\14.0\bin\amd64\MSBuild.exe - ExtractHtmlInfo.proj]
Sandcastle Help File Builder and Tools, version 2017.5.15.0
Copyright &#184; 2006-2017, Eric Woodruff, All Rights Reserved
E-Mail: Eric@EWoodruff.us

Using LCID &#39;1036&#39;, code page &#39;1252&#39;, encoding charset &#39;Windows-1252&#39;.

Processing website files in D:\Fedoua\tpIGL\tpIGL\Help\Working\Output\Website
Processed 23 HTML files
Sorting keywords and generating See Also indices
Saving website keyword index to D:\Fedoua\tpIGL\tpIGL\Help\Working\WebKI.xml
Saving website table of contents to D:\Fedoua\tpIGL\tpIGL\Help\Working\WebTOC.xml
    Last step completed in 00:00:00,5460
</buildStep>
<buildStep step="CopyStandardHelpContent">
Copying standard help content...
C:\Program Files (x86)\EWSoftware\Sandcastle Help File Builder\PresentationStyles\VS2013\icons\AlertCaution.png -&gt; D:\Fedoua\tpIGL\tpIGL\Help\Working\Output\Website\icons\AlertCaution.png
C:\Program Files (x86)\EWSoftware\Sandcastle Help File Builder\PresentationStyles\VS2013\icons\AlertNote.png -&gt; D:\Fedoua\tpIGL\tpIGL\Help\Working\Output\Website\icons\AlertNote.png
C:\Program Files (x86)\EWSoftware\Sandcastle Help File Builder\PresentationStyles\VS2013\icons\AlertSecurity.png -&gt; D:\Fedoua\tpIGL\tpIGL\Help\Working\Output\Website\icons\AlertSecurity.png
C:\Program Files (x86)\EWSoftware\Sandcastle Help File Builder\PresentationStyles\VS2013\icons\CFW.gif -&gt; D:\Fedoua\tpIGL\tpIGL\Help\Working\Output\Website\icons\CFW.gif
C:\Program Files (x86)\EWSoftware\Sandcastle Help File Builder\PresentationStyles\VS2013\icons\CodeExample.png -&gt; D:\Fedoua\tpIGL\tpIGL\Help\Working\Output\Website\icons\CodeExample.png
C:\Program Files (x86)\EWSoftware\Sandcastle Help File Builder\PresentationStyles\VS2013\icons\favicon.ico -&gt; D:\Fedoua\tpIGL\tpIGL\Help\Working\Output\Website\icons\favicon.ico
C:\Program Files (x86)\EWSoftware\Sandcastle Help File Builder\PresentationStyles\VS2013\icons\privclass.gif -&gt; D:\Fedoua\tpIGL\tpIGL\Help\Working\Output\Website\icons\privclass.gif
C:\Program Files (x86)\EWSoftware\Sandcastle Help File Builder\PresentationStyles\VS2013\icons\privdelegate.gif -&gt; D:\Fedoua\tpIGL\tpIGL\Help\Working\Output\Website\icons\privdelegate.gif
C:\Program Files (x86)\EWSoftware\Sandcastle Help File Builder\PresentationStyles\VS2013\icons\privenumeration.gif -&gt; D:\Fedoua\tpIGL\tpIGL\Help\Working\Output\Website\icons\privenumeration.gif
C:\Program Files (x86)\EWSoftware\Sandcastle Help File Builder\PresentationStyles\VS2013\icons\privevent.gif -&gt; D:\Fedoua\tpIGL\tpIGL\Help\Working\Output\Website\icons\privevent.gif
C:\Program Files (x86)\EWSoftware\Sandcastle Help File Builder\PresentationStyles\VS2013\icons\privextension.gif -&gt; D:\Fedoua\tpIGL\tpIGL\Help\Working\Output\Website\icons\privextension.gif
C:\Program Files (x86)\EWSoftware\Sandcastle Help File Builder\PresentationStyles\VS2013\icons\privfield.gif -&gt; D:\Fedoua\tpIGL\tpIGL\Help\Working\Output\Website\icons\privfield.gif
C:\Program Files (x86)\EWSoftware\Sandcastle Help File Builder\PresentationStyles\VS2013\icons\privinterface.gif -&gt; D:\Fedoua\tpIGL\tpIGL\Help\Working\Output\Website\icons\privinterface.gif
C:\Program Files (x86)\EWSoftware\Sandcastle Help File Builder\PresentationStyles\VS2013\icons\privmethod.gif -&gt; D:\Fedoua\tpIGL\tpIGL\Help\Working\Output\Website\icons\privmethod.gif
C:\Program Files (x86)\EWSoftware\Sandcastle Help File Builder\PresentationStyles\VS2013\icons\privproperty.gif -&gt; D:\Fedoua\tpIGL\tpIGL\Help\Working\Output\Website\icons\privproperty.gif
C:\Program Files (x86)\EWSoftware\Sandcastle Help File Builder\PresentationStyles\VS2013\icons\privstructure.gif -&gt; D:\Fedoua\tpIGL\tpIGL\Help\Working\Output\Website\icons\privstructure.gif
C:\Program Files (x86)\EWSoftware\Sandcastle Help File Builder\PresentationStyles\VS2013\icons\protclass.gif -&gt; D:\Fedoua\tpIGL\tpIGL\Help\Working\Output\Website\icons\protclass.gif
C:\Program Files (x86)\EWSoftware\Sandcastle Help File Builder\PresentationStyles\VS2013\icons\protdelegate.gif -&gt; D:\Fedoua\tpIGL\tpIGL\Help\Working\Output\Website\icons\protdelegate.gif
C:\Program Files (x86)\EWSoftware\Sandcastle Help File Builder\PresentationStyles\VS2013\icons\protenumeration.gif -&gt; D:\Fedoua\tpIGL\tpIGL\Help\Working\Output\Website\icons\protenumeration.gif
C:\Program Files (x86)\EWSoftware\Sandcastle Help File Builder\PresentationStyles\VS2013\icons\protevent.gif -&gt; D:\Fedoua\tpIGL\tpIGL\Help\Working\Output\Website\icons\protevent.gif
C:\Program Files (x86)\EWSoftware\Sandcastle Help File Builder\PresentationStyles\VS2013\icons\protextension.gif -&gt; D:\Fedoua\tpIGL\tpIGL\Help\Working\Output\Website\icons\protextension.gif
C:\Program Files (x86)\EWSoftware\Sandcastle Help File Builder\PresentationStyles\VS2013\icons\protfield.gif -&gt; D:\Fedoua\tpIGL\tpIGL\Help\Working\Output\Website\icons\protfield.gif
C:\Program Files (x86)\EWSoftware\Sandcastle Help File Builder\PresentationStyles\VS2013\icons\protinterface.gif -&gt; D:\Fedoua\tpIGL\tpIGL\Help\Working\Output\Website\icons\protinterface.gif
C:\Program Files (x86)\EWSoftware\Sandcastle Help File Builder\PresentationStyles\VS2013\icons\protmethod.gif -&gt; D:\Fedoua\tpIGL\tpIGL\Help\Working\Output\Website\icons\protmethod.gif
C:\Program Files (x86)\EWSoftware\Sandcastle Help File Builder\PresentationStyles\VS2013\icons\protoperator.gif -&gt; D:\Fedoua\tpIGL\tpIGL\Help\Working\Output\Website\icons\protoperator.gif
C:\Program Files (x86)\EWSoftware\Sandcastle Help File Builder\PresentationStyles\VS2013\icons\protproperty.gif -&gt; D:\Fedoua\tpIGL\tpIGL\Help\Working\Output\Website\icons\protproperty.gif
C:\Program Files (x86)\EWSoftware\Sandcastle Help File Builder\PresentationStyles\VS2013\icons\protstructure.gif -&gt; D:\Fedoua\tpIGL\tpIGL\Help\Working\Output\Website\icons\protstructure.gif
C:\Program Files (x86)\EWSoftware\Sandcastle Help File Builder\PresentationStyles\VS2013\icons\pubclass.gif -&gt; D:\Fedoua\tpIGL\tpIGL\Help\Working\Output\Website\icons\pubclass.gif
C:\Program Files (x86)\EWSoftware\Sandcastle Help File Builder\PresentationStyles\VS2013\icons\pubdelegate.gif -&gt; D:\Fedoua\tpIGL\tpIGL\Help\Working\Output\Website\icons\pubdelegate.gif
C:\Program Files (x86)\EWSoftware\Sandcastle Help File Builder\PresentationStyles\VS2013\icons\pubenumeration.gif -&gt; D:\Fedoua\tpIGL\tpIGL\Help\Working\Output\Website\icons\pubenumeration.gif
C:\Program Files (x86)\EWSoftware\Sandcastle Help File Builder\PresentationStyles\VS2013\icons\pubevent.gif -&gt; D:\Fedoua\tpIGL\tpIGL\Help\Working\Output\Website\icons\pubevent.gif
C:\Program Files (x86)\EWSoftware\Sandcastle Help File Builder\PresentationStyles\VS2013\icons\pubextension.gif -&gt; D:\Fedoua\tpIGL\tpIGL\Help\Working\Output\Website\icons\pubextension.gif
C:\Program Files (x86)\EWSoftware\Sandcastle Help File Builder\PresentationStyles\VS2013\icons\pubfield.gif -&gt; D:\Fedoua\tpIGL\tpIGL\Help\Working\Output\Website\icons\pubfield.gif
C:\Program Files (x86)\EWSoftware\Sandcastle Help File Builder\PresentationStyles\VS2013\icons\pubinterface.gif -&gt; D:\Fedoua\tpIGL\tpIGL\Help\Working\Output\Website\icons\pubinterface.gif
C:\Program Files (x86)\EWSoftware\Sandcastle Help File Builder\PresentationStyles\VS2013\icons\pubmethod.gif -&gt; D:\Fedoua\tpIGL\tpIGL\Help\Working\Output\Website\icons\pubmethod.gif
C:\Program Files (x86)\EWSoftware\Sandcastle Help File Builder\PresentationStyles\VS2013\icons\puboperator.gif -&gt; D:\Fedoua\tpIGL\tpIGL\Help\Working\Output\Website\icons\puboperator.gif
C:\Program Files (x86)\EWSoftware\Sandcastle Help File Builder\PresentationStyles\VS2013\icons\pubproperty.gif -&gt; D:\Fedoua\tpIGL\tpIGL\Help\Working\Output\Website\icons\pubproperty.gif
C:\Program Files (x86)\EWSoftware\Sandcastle Help File Builder\PresentationStyles\VS2013\icons\pubstructure.gif -&gt; D:\Fedoua\tpIGL\tpIGL\Help\Working\Output\Website\icons\pubstructure.gif
C:\Program Files (x86)\EWSoftware\Sandcastle Help File Builder\PresentationStyles\VS2013\icons\SectionCollapsed.png -&gt; D:\Fedoua\tpIGL\tpIGL\Help\Working\Output\Website\icons\SectionCollapsed.png
C:\Program Files (x86)\EWSoftware\Sandcastle Help File Builder\PresentationStyles\VS2013\icons\SectionExpanded.png -&gt; D:\Fedoua\tpIGL\tpIGL\Help\Working\Output\Website\icons\SectionExpanded.png
C:\Program Files (x86)\EWSoftware\Sandcastle Help File Builder\PresentationStyles\VS2013\icons\slMobile.gif -&gt; D:\Fedoua\tpIGL\tpIGL\Help\Working\Output\Website\icons\slMobile.gif
C:\Program Files (x86)\EWSoftware\Sandcastle Help File Builder\PresentationStyles\VS2013\icons\static.gif -&gt; D:\Fedoua\tpIGL\tpIGL\Help\Working\Output\Website\icons\static.gif
C:\Program Files (x86)\EWSoftware\Sandcastle Help File Builder\PresentationStyles\VS2013\icons\xna.gif -&gt; D:\Fedoua\tpIGL\tpIGL\Help\Working\Output\Website\icons\xna.gif
C:\Program Files (x86)\EWSoftware\Sandcastle Help File Builder\PresentationStyles\VS2013\scripts\branding.js -&gt; D:\Fedoua\tpIGL\tpIGL\Help\Working\Output\Website\scripts\branding.js
C:\Program Files (x86)\EWSoftware\Sandcastle Help File Builder\PresentationStyles\VS2013\styles\branding-cs-CZ.css -&gt; D:\Fedoua\tpIGL\tpIGL\Help\Working\Output\Website\styles\branding-cs-CZ.css
C:\Program Files (x86)\EWSoftware\Sandcastle Help File Builder\PresentationStyles\VS2013\styles\branding-de-DE.css -&gt; D:\Fedoua\tpIGL\tpIGL\Help\Working\Output\Website\styles\branding-de-DE.css
C:\Program Files (x86)\EWSoftware\Sandcastle Help File Builder\PresentationStyles\VS2013\styles\branding-en-US.css -&gt; D:\Fedoua\tpIGL\tpIGL\Help\Working\Output\Website\styles\branding-en-US.css
C:\Program Files (x86)\EWSoftware\Sandcastle Help File Builder\PresentationStyles\VS2013\styles\branding-es-ES.css -&gt; D:\Fedoua\tpIGL\tpIGL\Help\Working\Output\Website\styles\branding-es-ES.css
C:\Program Files (x86)\EWSoftware\Sandcastle Help File Builder\PresentationStyles\VS2013\styles\branding-fr-FR.css -&gt; D:\Fedoua\tpIGL\tpIGL\Help\Working\Output\Website\styles\branding-fr-FR.css
C:\Program Files (x86)\EWSoftware\Sandcastle Help File Builder\PresentationStyles\VS2013\styles\branding-Help1.css -&gt; D:\Fedoua\tpIGL\tpIGL\Help\Working\Output\Website\styles\branding-Help1.css
C:\Program Files (x86)\EWSoftware\Sandcastle Help File Builder\PresentationStyles\VS2013\styles\branding-HelpViewer.css -&gt; D:\Fedoua\tpIGL\tpIGL\Help\Working\Output\Website\styles\branding-HelpViewer.css
C:\Program Files (x86)\EWSoftware\Sandcastle Help File Builder\PresentationStyles\VS2013\styles\branding-it-IT.css -&gt; D:\Fedoua\tpIGL\tpIGL\Help\Working\Output\Website\styles\branding-it-IT.css
C:\Program Files (x86)\EWSoftware\Sandcastle Help File Builder\PresentationStyles\VS2013\styles\branding-ja-JP.css -&gt; D:\Fedoua\tpIGL\tpIGL\Help\Working\Output\Website\styles\branding-ja-JP.css
C:\Program Files (x86)\EWSoftware\Sandcastle Help File Builder\PresentationStyles\VS2013\styles\branding-ko-KR.css -&gt; D:\Fedoua\tpIGL\tpIGL\Help\Working\Output\Website\styles\branding-ko-KR.css
C:\Program Files (x86)\EWSoftware\Sandcastle Help File Builder\PresentationStyles\VS2013\styles\branding-pl-PL.css -&gt; D:\Fedoua\tpIGL\tpIGL\Help\Working\Output\Website\styles\branding-pl-PL.css
C:\Program Files (x86)\EWSoftware\Sandcastle Help File Builder\PresentationStyles\VS2013\styles\branding-pt-BR.css -&gt; D:\Fedoua\tpIGL\tpIGL\Help\Working\Output\Website\styles\branding-pt-BR.css
C:\Program Files (x86)\EWSoftware\Sandcastle Help File Builder\PresentationStyles\VS2013\styles\branding-ru-RU.css -&gt; D:\Fedoua\tpIGL\tpIGL\Help\Working\Output\Website\styles\branding-ru-RU.css
C:\Program Files (x86)\EWSoftware\Sandcastle Help File Builder\PresentationStyles\VS2013\styles\branding-tr-TR.css -&gt; D:\Fedoua\tpIGL\tpIGL\Help\Working\Output\Website\styles\branding-tr-TR.css
C:\Program Files (x86)\EWSoftware\Sandcastle Help File Builder\PresentationStyles\VS2013\styles\branding-Website.css -&gt; D:\Fedoua\tpIGL\tpIGL\Help\Working\Output\Website\styles\branding-Website.css
C:\Program Files (x86)\EWSoftware\Sandcastle Help File Builder\PresentationStyles\VS2013\styles\branding-zh-CN.css -&gt; D:\Fedoua\tpIGL\tpIGL\Help\Working\Output\Website\styles\branding-zh-CN.css
C:\Program Files (x86)\EWSoftware\Sandcastle Help File Builder\PresentationStyles\VS2013\styles\branding-zh-TW.css -&gt; D:\Fedoua\tpIGL\tpIGL\Help\Working\Output\Website\styles\branding-zh-TW.css
C:\Program Files (x86)\EWSoftware\Sandcastle Help File Builder\PresentationStyles\VS2013\styles\branding.css -&gt; D:\Fedoua\tpIGL\tpIGL\Help\Working\Output\Website\styles\branding.css
C:\Program Files (x86)\EWSoftware\Sandcastle Help File Builder\PresentationStyles\VS2013\Web\index.html -&gt; D:\Fedoua\tpIGL\tpIGL\Help\Working\Output\Website\index.html
C:\Program Files (x86)\EWSoftware\Sandcastle Help File Builder\PresentationStyles\VS2013\Web\search.html -&gt; D:\Fedoua\tpIGL\tpIGL\Help\Working\Output\Website\search.html
C:\Program Files (x86)\EWSoftware\Sandcastle Help File Builder\PresentationStyles\VS2013\Web\SearchHelp.aspx -&gt; D:\Fedoua\tpIGL\tpIGL\Help\Working\Output\Website\SearchHelp.aspx
C:\Program Files (x86)\EWSoftware\Sandcastle Help File Builder\PresentationStyles\VS2013\Web\SearchHelp.inc.php -&gt; D:\Fedoua\tpIGL\tpIGL\Help\Working\Output\Website\SearchHelp.inc.php
C:\Program Files (x86)\EWSoftware\Sandcastle Help File Builder\PresentationStyles\VS2013\Web\SearchHelp.php -&gt; D:\Fedoua\tpIGL\tpIGL\Help\Working\Output\Website\SearchHelp.php
C:\Program Files (x86)\EWSoftware\Sandcastle Help File Builder\PresentationStyles\VS2013\Web\Web.Config -&gt; D:\Fedoua\tpIGL\tpIGL\Help\Working\Output\Website\Web.Config
C:\Program Files (x86)\EWSoftware\Sandcastle Help File Builder\PresentationStyles\VS2013\Web\html\GeneralError.htm -&gt; D:\Fedoua\tpIGL\tpIGL\Help\Working\Output\Website\html\GeneralError.htm
C:\Program Files (x86)\EWSoftware\Sandcastle Help File Builder\PresentationStyles\VS2013\Web\html\PageNotFound.htm -&gt; D:\Fedoua\tpIGL\tpIGL\Help\Working\Output\Website\html\PageNotFound.htm
C:\Program Files (x86)\EWSoftware\Sandcastle Help File Builder\PresentationStyles\VS2013\Web\icons\Search.png -&gt; D:\Fedoua\tpIGL\tpIGL\Help\Working\Output\Website\icons\Search.png
C:\Program Files (x86)\EWSoftware\Sandcastle Help File Builder\PresentationStyles\VS2013\Web\icons\TocClose.gif -&gt; D:\Fedoua\tpIGL\tpIGL\Help\Working\Output\Website\icons\TocClose.gif
C:\Program Files (x86)\EWSoftware\Sandcastle Help File Builder\PresentationStyles\VS2013\Web\icons\TocCollapsed.gif -&gt; D:\Fedoua\tpIGL\tpIGL\Help\Working\Output\Website\icons\TocCollapsed.gif
C:\Program Files (x86)\EWSoftware\Sandcastle Help File Builder\PresentationStyles\VS2013\Web\icons\TocExpanded.gif -&gt; D:\Fedoua\tpIGL\tpIGL\Help\Working\Output\Website\icons\TocExpanded.gif
C:\Program Files (x86)\EWSoftware\Sandcastle Help File Builder\PresentationStyles\VS2013\Web\icons\TocOpen.gif -&gt; D:\Fedoua\tpIGL\tpIGL\Help\Working\Output\Website\icons\TocOpen.gif
C:\Program Files (x86)\EWSoftware\Sandcastle Help File Builder\PresentationStyles\VS2013\Web\scripts\branding-Website.js -&gt; D:\Fedoua\tpIGL\tpIGL\Help\Working\Output\Website\scripts\branding-Website.js
C:\Program Files (x86)\EWSoftware\Sandcastle Help File Builder\PresentationStyles\VS2013\Web\scripts\clipboard.min.js -&gt; D:\Fedoua\tpIGL\tpIGL\Help\Working\Output\Website\scripts\clipboard.min.js
C:\Program Files (x86)\EWSoftware\Sandcastle Help File Builder\PresentationStyles\VS2013\Web\scripts\jquery-1.11.0.min.js -&gt; D:\Fedoua\tpIGL\tpIGL\Help\Working\Output\Website\scripts\jquery-1.11.0.min.js
    Last step completed in 00:00:00,3090
</buildStep>
<buildStep step="GenerateHelpFormatTableOfContents">
Generating website table of contents file...
    Last step completed in 00:00:00,0040
</buildStep>
<buildStep step="GenerateFullTextIndex">
Generating full-text index for the website...

<plugIn name="Lightweight Website Style" behavior="After" priority="1000">
Adding lightweight search and TOC elements to each topic...
</plugIn>    Last step completed in 00:00:00,2440
</buildStep>
<buildStep step="CopyingWebsiteFiles">
Copying website files to output folder...

Copied 131 files for the website content
    Last step completed in 00:00:00,2830
</buildStep>
<buildStep step="CleanIntermediates">
Removing intermediate files...
    Last step completed in 00:00:00,0870
</buildStep>
<buildStep step="Completed">

Build completed successfully at 21/10/2017 15:51:19.  Total time: 00:00:24,0474

</buildStep>
</shfbBuild>
